2015-11-06 18:42:12,404 ERROR [main] - System.err - [org.eclipse.jdt.launching] error can't determine modifiers of missing type org.eclipse.pde.internal.ui.wizards.imports.PluginImportHelper
when weaving type org.eclipse.jdt.launching.JavaRuntime
when weaving classes 
when weaving 
 [Xlint:cantFindType]
2015-11-06 18:48:26,438 ERROR [main] - System.err - [org.eclipse.jdt.launching] error can't determine modifiers of missing type org.eclipse.pde.internal.ui.wizards.imports.PluginImportHelper
when weaving type org.eclipse.jdt.launching.JavaRuntime
when weaving classes 
when weaving 
 [Xlint:cantFindType]
2015-11-06 18:50:33,151 ERROR [main] - System.err - [org.eclipse.jdt.debug] error can't determine modifiers of missing type org.eclipse.pde.internal.ui.wizards.imports.PluginImportHelper
when weaving type org.eclipse.jdt.debug.core.IJavaLineBreakpoint
when weaving classes 
when weaving 
 [Xlint:cantFindType]
2015-11-06 18:50:44,007 ERROR [main] - System.err - [org.eclipse.jdt.debug.ui] error can't determine modifiers of missing type org.eclipse.pde.internal.ui.wizards.imports.PluginImportHelper
when weaving type org.eclipse.jdt.internal.debug.ui.actions.RetargettableActionAdapterFactory
when weaving classes 
when weaving 
 [Xlint:cantFindType]
2015-11-06 18:50:49,457 ERROR [main] - System.err - [org.eclipse.jdt.junit] error can't determine modifiers of missing type org.eclipse.pde.internal.ui.wizards.imports.PluginImportHelper
when weaving type org.eclipse.jdt.internal.junit.ui.JUnitQuickFixProcessor
when weaving classes 
when weaving 
 [Xlint:cantFindType]
2015-11-06 19:15:10,885 ERROR [main] - System.err - [org.eclipse.jdt.launching] error can't determine modifiers of missing type org.eclipse.pde.internal.ui.wizards.imports.PluginImportHelper
when weaving type org.eclipse.jdt.launching.JavaRuntime
when weaving classes 
when weaving 
 [Xlint:cantFindType]
2015-11-06 19:15:10,952 ERROR [main] - System.err - [org.eclipse.debug.core] error can't determine modifiers of missing type org.eclipse.pde.internal.ui.wizards.imports.PluginImportHelper
when weaving type org.eclipse.debug.core.ILaunchesListener
when weaving classes 
when weaving 
 [Xlint:cantFindType]
2015-11-06 19:15:16,873 ERROR [main] - System.err - [org.eclipse.jdt.debug.ui] error can't determine modifiers of missing type org.eclipse.pde.internal.ui.wizards.imports.PluginImportHelper
when weaving type org.eclipse.jdt.internal.debug.ui.actions.RetargettableActionAdapterFactory
when weaving classes 
when weaving 
 [Xlint:cantFindType]
2015-11-06 19:15:16,944 ERROR [main] - System.err - [org.eclipse.jdt.debug] error can't determine modifiers of missing type org.eclipse.pde.internal.ui.wizards.imports.PluginImportHelper
when weaving type org.eclipse.jdt.debug.core.IJavaHotCodeReplaceListener
when weaving classes 
when weaving 
 [Xlint:cantFindType]
2015-11-06 19:18:49,169 ERROR [main] - System.err - [org.eclipse.jdt.junit] error can't determine modifiers of missing type org.eclipse.pde.internal.ui.wizards.imports.PluginImportHelper
when weaving type org.eclipse.jdt.internal.junit.ui.JUnitQuickFixProcessor
when weaving classes 
when weaving 
 [Xlint:cantFindType]
2016-01-06 12:18:16,325 ERROR [main] - System.err - [org.eclipse.debug.core] error can't determine modifiers of missing type org.eclipse.pde.internal.ui.wizards.imports.PluginImportHelper
when weaving type org.eclipse.debug.core.ILaunchListener
when weaving classes 
when weaving 
 [Xlint:cantFindType]
2016-01-06 12:18:16,977 ERROR [main] - System.err - [org.eclipse.jdt.junit] error can't determine modifiers of missing type org.eclipse.pde.internal.ui.wizards.imports.PluginImportHelper
when weaving type org.eclipse.jdt.internal.junit.ui.TestRunnerViewPart
when weaving classes 
when weaving 
 [Xlint:cantFindType]
2016-01-06 12:18:23,478 ERROR [main] - System.err - [org.eclipse.jdt.debug.ui] error can't determine modifiers of missing type org.eclipse.pde.internal.ui.wizards.imports.PluginImportHelper
when weaving type org.eclipse.jdt.internal.debug.ui.actions.RetargettableActionAdapterFactory
when weaving classes 
when weaving 
 [Xlint:cantFindType]
2016-01-06 12:18:23,940 ERROR [main] - System.err - [org.eclipse.jdt.debug] error can't determine modifiers of missing type org.eclipse.pde.internal.ui.wizards.imports.PluginImportHelper
when weaving type org.eclipse.jdt.debug.core.IJavaHotCodeReplaceListener
when weaving classes 
when weaving 
 [Xlint:cantFindType]
2016-01-06 12:18:24,170 ERROR [main] - System.err - [org.eclipse.jdt.launching] error can't determine modifiers of missing type org.eclipse.pde.internal.ui.wizards.imports.PluginImportHelper
when weaving type org.eclipse.jdt.launching.sourcelookup.IJavaSourceLocation
when weaving classes 
when weaving 
 [Xlint:cantFindType]
2016-01-06 12:23:25,022 ERROR [main] - Statistics - Statistics file `C:\Users\koryt\.scalaide\statistics` is corrupted. A new one is being created. Corrupted content was:

com.cedarsoftware.util.io.JsonIoException: error parsing JSON value
	at com.cedarsoftware.util.io.JsonReader.readObject(JsonReader.java:529)
	at com.cedarsoftware.util.io.JsonReader.jsonToJava(JsonReader.java:289)
	at com.cedarsoftware.util.io.JsonReader.jsonToJava(JsonReader.java:262)
	at org.scalaide.core.internal.statistics.Statistics.org$scalaide$core$internal$statistics$Statistics$$read(Statistics.scala:74)
	at org.scalaide.core.internal.statistics.Statistics$$anonfun$readStats$1.apply(Statistics.scala:52)
	at org.scalaide.core.internal.statistics.Statistics$$anonfun$readStats$1.apply(Statistics.scala:51)
	at org.scalaide.core.ScalaIdeDataStore$$anonfun$validate$2.apply(ScalaIdeDataStore.scala:59)
	at org.scalaide.util.eclipse.EclipseUtils$$anon$3.run(EclipseUtils.scala:216)
	at org.eclipse.core.runtime.SafeRunner.run(SafeRunner.java:42)
	at org.scalaide.util.eclipse.EclipseUtils$.withSafeRunner(EclipseUtils.scala:212)
	at org.scalaide.core.ScalaIdeDataStore$.validate(ScalaIdeDataStore.scala:58)
	at org.scalaide.core.internal.statistics.Statistics.readStats(Statistics.scala:51)
	at org.scalaide.core.internal.statistics.Statistics.<init>(Statistics.scala:30)
	at org.scalaide.core.internal.ScalaPlugin.stats$lzycompute(ScalaPlugin.scala:136)
	at org.scalaide.core.internal.ScalaPlugin.stats(ScalaPlugin.scala:136)
	at org.scalaide.core.internal.ScalaPlugin.statistics(ScalaPlugin.scala:139)
	at org.scalaide.core.internal.ScalaPlugin.start(ScalaPlugin.scala:110)
	at org.eclipse.osgi.internal.framework.BundleContextImpl$3.run(BundleContextImpl.java:771)
	at org.eclipse.osgi.internal.framework.BundleContextImpl$3.run(BundleContextImpl.java:1)
	at java.security.AccessController.doPrivileged(Native Method)
	at org.eclipse.osgi.internal.framework.BundleContextImpl.startActivator(BundleContextImpl.java:764)
	at org.eclipse.osgi.internal.framework.BundleContextImpl.start(BundleContextImpl.java:721)
	at org.eclipse.osgi.internal.framework.EquinoxBundle.startWorker0(EquinoxBundle.java:941)
	at org.eclipse.osgi.internal.framework.EquinoxBundle$EquinoxModule.startWorker(EquinoxBundle.java:318)
	at org.eclipse.osgi.container.Module.doStart(Module.java:571)
	at org.eclipse.osgi.container.Module.start(Module.java:439)
	at org.eclipse.osgi.framework.util.SecureAction.start(SecureAction.java:454)
	at org.eclipse.osgi.internal.hooks.EclipseLazyStarter.postFindLocalClass(EclipseLazyStarter.java:107)
	at org.eclipse.osgi.internal.loader.classpath.ClasspathManager.findLocalClass(ClasspathManager.java:531)
	at org.eclipse.osgi.internal.loader.ModuleClassLoader.findLocalClass(ModuleClassLoader.java:324)
	at org.eclipse.osgi.internal.loader.BundleLoader.findLocalClass(BundleLoader.java:327)
	at org.eclipse.osgi.internal.loader.BundleLoader.findClassInternal(BundleLoader.java:402)
	at org.eclipse.osgi.internal.loader.BundleLoader.findClass(BundleLoader.java:352)
	at org.eclipse.osgi.internal.loader.BundleLoader.findClass(BundleLoader.java:344)
	at org.eclipse.osgi.internal.loader.ModuleClassLoader.loadClass(ModuleClassLoader.java:160)
	at java.lang.ClassLoader.loadClass(Unknown Source)
	at org.eclipse.osgi.internal.framework.EquinoxBundle.loadClass(EquinoxBundle.java:573)
	at org.eclipse.core.internal.registry.osgi.RegistryStrategyOSGI.createExecutableExtension(RegistryStrategyOSGI.java:174)
	at org.eclipse.core.internal.registry.ExtensionRegistry.createExecutableExtension(ExtensionRegistry.java:905)
	at org.eclipse.core.internal.registry.ConfigurationElement.createExecutableExtension(ConfigurationElement.java:243)
	at org.eclipse.core.internal.registry.ConfigurationElementHandle.createExecutableExtension(ConfigurationElementHandle.java:55)
	at org.eclipse.jdt.internal.ui.filters.FilterDescriptor$1.run(FilterDescriptor.java:132)
	at org.eclipse.core.runtime.SafeRunner.run(SafeRunner.java:42)
	at org.eclipse.jdt.internal.ui.filters.FilterDescriptor.createViewerFilter(FilterDescriptor.java:136)
	at org.eclipse.jdt.ui.actions.CustomFiltersActionGroup$FilterItem.getFilterInstance(CustomFiltersActionGroup.java:187)
	at org.eclipse.jdt.ui.actions.CustomFiltersActionGroup.updateViewerFilters(CustomFiltersActionGroup.java:516)
	at org.eclipse.jdt.ui.actions.CustomFiltersActionGroup.<init>(CustomFiltersActionGroup.java:275)
	at org.eclipse.jdt.ui.actions.CustomFiltersActionGroup.<init>(CustomFiltersActionGroup.java:241)
	at org.eclipse.jdt.internal.ui.packageview.PackageExplorerActionGroup.<init>(PackageExplorerActionGroup.java:148)
	at org.eclipse.jdt.internal.ui.packageview.PackageExplorerPart.makeActions(PackageExplorerPart.java:805)
	at org.eclipse.jdt.internal.ui.packageview.PackageExplorerPart.createPartControl(PackageExplorerPart.java:505)
	at org.eclipse.ui.internal.e4.compatibility.CompatibilityPart.createPartControl(CompatibilityPart.java:151)
	at org.eclipse.ui.internal.e4.compatibility.CompatibilityView.createPartControl(CompatibilityView.java:143)
	at org.eclipse.ui.internal.e4.compatibility.CompatibilityPart.create(CompatibilityPart.java:341)
	at sun.reflect.NativeMethodAccessorImpl.invoke0(Native Method)
	at sun.reflect.NativeMethodAccessorImpl.invoke(Unknown Source)
	at sun.reflect.DelegatingMethodAccessorImpl.invoke(Unknown Source)
	at java.lang.reflect.Method.invoke(Unknown Source)
	at org.eclipse.e4.core.internal.di.MethodRequestor.execute(MethodRequestor.java:56)
	at org.eclipse.e4.core.internal.di.InjectorImpl.processAnnotated(InjectorImpl.java:898)
	at org.eclipse.e4.core.internal.di.InjectorImpl.processAnnotated(InjectorImpl.java:879)
	at org.eclipse.e4.core.internal.di.InjectorImpl.inject(InjectorImpl.java:121)
	at org.eclipse.e4.core.internal.di.InjectorImpl.internalMake(InjectorImpl.java:345)
	at org.eclipse.e4.core.internal.di.InjectorImpl.make(InjectorImpl.java:264)
	at org.eclipse.e4.core.contexts.ContextInjectionFactory.make(ContextInjectionFactory.java:162)
	at org.eclipse.e4.ui.internal.workbench.ReflectionContributionFactory.createFromBundle(ReflectionContributionFactory.java:104)
	at org.eclipse.e4.ui.internal.workbench.ReflectionContributionFactory.doCreate(ReflectionContributionFactory.java:73)
	at org.eclipse.e4.ui.internal.workbench.ReflectionContributionFactory.create(ReflectionContributionFactory.java:55)
	at org.eclipse.e4.ui.workbench.renderers.swt.ContributedPartRenderer.createWidget(ContributedPartRenderer.java:129)
	at org.eclipse.e4.ui.internal.workbench.swt.PartRenderingEngine.createWidget(PartRenderingEngine.java:971)
	at org.eclipse.e4.ui.internal.workbench.swt.PartRenderingEngine.safeCreateGui(PartRenderingEngine.java:640)
	at org.eclipse.e4.ui.internal.workbench.swt.PartRenderingEngine$1.run(PartRenderingEngine.java:525)
	at org.eclipse.core.runtime.SafeRunner.run(SafeRunner.java:42)
	at org.eclipse.e4.ui.internal.workbench.swt.PartRenderingEngine.createGui(PartRenderingEngine.java:509)
	at org.eclipse.e4.ui.workbench.renderers.swt.ElementReferenceRenderer.createWidget(ElementReferenceRenderer.java:69)
	at org.eclipse.e4.ui.internal.workbench.swt.PartRenderingEngine.createWidget(PartRenderingEngine.java:971)
	at org.eclipse.e4.ui.internal.workbench.swt.PartRenderingEngine.safeCreateGui(PartRenderingEngine.java:640)
	at org.eclipse.e4.ui.internal.workbench.swt.PartRenderingEngine.safeCreateGui(PartRenderingEngine.java:746)
	at org.eclipse.e4.ui.internal.workbench.swt.PartRenderingEngine.access$0(PartRenderingEngine.java:717)
	at org.eclipse.e4.ui.internal.workbench.swt.PartRenderingEngine$2.run(PartRenderingEngine.java:711)
	at org.eclipse.core.runtime.SafeRunner.run(SafeRunner.java:42)
	at org.eclipse.e4.ui.internal.workbench.swt.PartRenderingEngine.createGui(PartRenderingEngine.java:695)
	at org.eclipse.e4.ui.workbench.renderers.swt.StackRenderer.showTab(StackRenderer.java:1306)
	at org.eclipse.e4.ui.workbench.renderers.swt.LazyStackRenderer.postProcess(LazyStackRenderer.java:103)
	at org.eclipse.e4.ui.internal.workbench.swt.PartRenderingEngine.safeCreateGui(PartRenderingEngine.java:658)
	at org.eclipse.e4.ui.internal.workbench.swt.PartRenderingEngine.safeCreateGui(PartRenderingEngine.java:746)
	at org.eclipse.e4.ui.internal.workbench.swt.PartRenderingEngine.access$0(PartRenderingEngine.java:717)
	at org.eclipse.e4.ui.internal.workbench.swt.PartRenderingEngine$2.run(PartRenderingEngine.java:711)
	at org.eclipse.core.runtime.SafeRunner.run(SafeRunner.java:42)
	at org.eclipse.e4.ui.internal.workbench.swt.PartRenderingEngine.createGui(PartRenderingEngine.java:695)
	at org.eclipse.e4.ui.workbench.renderers.swt.SWTPartRenderer.processContents(SWTPartRenderer.java:71)
	at org.eclipse.e4.ui.workbench.renderers.swt.SashRenderer.processContents(SashRenderer.java:151)
	at org.eclipse.e4.ui.internal.workbench.swt.PartRenderingEngine.safeCreateGui(PartRenderingEngine.java:654)
	at org.eclipse.e4.ui.internal.workbench.swt.PartRenderingEngine.safeCreateGui(PartRenderingEngine.java:746)
	at org.eclipse.e4.ui.internal.workbench.swt.PartRenderingEngine.access$0(PartRenderingEngine.java:717)
	at org.eclipse.e4.ui.internal.workbench.swt.PartRenderingEngine$2.run(PartRenderingEngine.java:711)
	at org.eclipse.core.runtime.SafeRunner.run(SafeRunner.java:42)
	at org.eclipse.e4.ui.internal.workbench.swt.PartRenderingEngine.createGui(PartRenderingEngine.java:695)
	at org.eclipse.e4.ui.workbench.renderers.swt.SWTPartRenderer.processContents(SWTPartRenderer.java:71)
	at org.eclipse.e4.ui.workbench.renderers.swt.SashRenderer.processContents(SashRenderer.java:151)
	at org.eclipse.e4.ui.internal.workbench.swt.PartRenderingEngine.safeCreateGui(PartRenderingEngine.java:654)
	at org.eclipse.e4.ui.internal.workbench.swt.PartRenderingEngine.safeCreateGui(PartRenderingEngine.java:746)
	at org.eclipse.e4.ui.internal.workbench.swt.PartRenderingEngine.access$0(PartRenderingEngine.java:717)
	at org.eclipse.e4.ui.internal.workbench.swt.PartRenderingEngine$2.run(PartRenderingEngine.java:711)
	at org.eclipse.core.runtime.SafeRunner.run(SafeRunner.java:42)
	at org.eclipse.e4.ui.internal.workbench.swt.PartRenderingEngine.createGui(PartRenderingEngine.java:695)
	at org.eclipse.e4.ui.workbench.renderers.swt.SWTPartRenderer.processContents(SWTPartRenderer.java:71)
	at org.eclipse.e4.ui.workbench.renderers.swt.PerspectiveRenderer.processContents(PerspectiveRenderer.java:49)
	at org.eclipse.e4.ui.internal.workbench.swt.PartRenderingEngine.safeCreateGui(PartRenderingEngine.java:654)
	at org.eclipse.e4.ui.internal.workbench.swt.PartRenderingEngine.safeCreateGui(PartRenderingEngine.java:746)
	at org.eclipse.e4.ui.internal.workbench.swt.PartRenderingEngine.access$0(PartRenderingEngine.java:717)
	at org.eclipse.e4.ui.internal.workbench.swt.PartRenderingEngine$2.run(PartRenderingEngine.java:711)
	at org.eclipse.core.runtime.SafeRunner.run(SafeRunner.java:42)
	at org.eclipse.e4.ui.internal.workbench.swt.PartRenderingEngine.createGui(PartRenderingEngine.java:695)
	at org.eclipse.e4.ui.workbench.renderers.swt.PerspectiveStackRenderer.showTab(PerspectiveStackRenderer.java:82)
	at org.eclipse.e4.ui.workbench.renderers.swt.LazyStackRenderer.postProcess(LazyStackRenderer.java:103)
	at org.eclipse.e4.ui.workbench.renderers.swt.PerspectiveStackRenderer.postProcess(PerspectiveStackRenderer.java:63)
	at org.eclipse.e4.ui.internal.workbench.swt.PartRenderingEngine.safeCreateGui(PartRenderingEngine.java:658)
	at org.eclipse.e4.ui.internal.workbench.swt.PartRenderingEngine.safeCreateGui(PartRenderingEngine.java:746)
	at org.eclipse.e4.ui.internal.workbench.swt.PartRenderingEngine.access$0(PartRenderingEngine.java:717)
	at org.eclipse.e4.ui.internal.workbench.swt.PartRenderingEngine$2.run(PartRenderingEngine.java:711)
	at org.eclipse.core.runtime.SafeRunner.run(SafeRunner.java:42)
	at org.eclipse.e4.ui.internal.workbench.swt.PartRenderingEngine.createGui(PartRenderingEngine.java:695)
	at org.eclipse.e4.ui.workbench.renderers.swt.SWTPartRenderer.processContents(SWTPartRenderer.java:71)
	at org.eclipse.e4.ui.workbench.renderers.swt.SashRenderer.processContents(SashRenderer.java:151)
	at org.eclipse.e4.ui.internal.workbench.swt.PartRenderingEngine.safeCreateGui(PartRenderingEngine.java:654)
	at org.eclipse.e4.ui.internal.workbench.swt.PartRenderingEngine.safeCreateGui(PartRenderingEngine.java:746)
	at org.eclipse.e4.ui.internal.workbench.swt.PartRenderingEngine.access$0(PartRenderingEngine.java:717)
	at org.eclipse.e4.ui.internal.workbench.swt.PartRenderingEngine$2.run(PartRenderingEngine.java:711)
	at org.eclipse.core.runtime.SafeRunner.run(SafeRunner.java:42)
	at org.eclipse.e4.ui.internal.workbench.swt.PartRenderingEngine.createGui(PartRenderingEngine.java:695)
	at org.eclipse.e4.ui.workbench.renderers.swt.SWTPartRenderer.processContents(SWTPartRenderer.java:71)
	at org.eclipse.e4.ui.workbench.renderers.swt.WBWRenderer.processContents(WBWRenderer.java:614)
	at org.eclipse.e4.ui.internal.workbench.swt.PartRenderingEngine.safeCreateGui(PartRenderingEngine.java:654)
	at org.eclipse.e4.ui.internal.workbench.swt.PartRenderingEngine.safeCreateGui(PartRenderingEngine.java:746)
	at org.eclipse.e4.ui.internal.workbench.swt.PartRenderingEngine.access$0(PartRenderingEngine.java:717)
	at org.eclipse.e4.ui.internal.workbench.swt.PartRenderingEngine$2.run(PartRenderingEngine.java:711)
	at org.eclipse.core.runtime.SafeRunner.run(SafeRunner.java:42)
	at org.eclipse.e4.ui.internal.workbench.swt.PartRenderingEngine.createGui(PartRenderingEngine.java:695)
	at org.eclipse.e4.ui.internal.workbench.swt.PartRenderingEngine$4.run(PartRenderingEngine.java:1061)
	at org.eclipse.core.databinding.observable.Realm.runWithDefault(Realm.java:337)
	at org.eclipse.e4.ui.internal.workbench.swt.PartRenderingEngine.run(PartRenderingEngine.java:1018)
	at org.eclipse.e4.ui.internal.workbench.E4Workbench.createAndRunUI(E4Workbench.java:156)
	at org.eclipse.ui.internal.Workbench$5.run(Workbench.java:654)
	at org.eclipse.core.databinding.observable.Realm.runWithDefault(Realm.java:337)
	at org.eclipse.ui.internal.Workbench.createAndRunWorkbench(Workbench.java:598)
	at org.eclipse.ui.PlatformUI.createAndRunWorkbench(PlatformUI.java:150)
	at org.eclipse.ui.internal.ide.application.IDEApplication.start(IDEApplication.java:139)
	at org.eclipse.equinox.internal.app.EclipseAppHandle.run(EclipseAppHandle.java:196)
	at org.eclipse.core.runtime.internal.adaptor.EclipseAppLauncher.runApplication(EclipseAppLauncher.java:134)
	at org.eclipse.core.runtime.internal.adaptor.EclipseAppLauncher.start(EclipseAppLauncher.java:104)
	at org.eclipse.core.runtime.adaptor.EclipseStarter.run(EclipseStarter.java:380)
	at org.eclipse.core.runtime.adaptor.EclipseStarter.run(EclipseStarter.java:235)
	at sun.reflect.NativeMethodAccessorImpl.invoke0(Native Method)
	at sun.reflect.NativeMethodAccessorImpl.invoke(Unknown Source)
	at sun.reflect.DelegatingMethodAccessorImpl.invoke(Unknown Source)
	at java.lang.reflect.Method.invoke(Unknown Source)
	at org.eclipse.equinox.launcher.Main.invokeFramework(Main.java:669)
	at org.eclipse.equinox.launcher.Main.basicRun(Main.java:608)
	at org.eclipse.equinox.launcher.Main.run(Main.java:1515)
Caused by: com.cedarsoftware.util.io.JsonIoException: EOF reached prematurely
	at com.cedarsoftware.util.io.JsonParser.error(JsonParser.java:584)
	at com.cedarsoftware.util.io.JsonParser.readValue(JsonParser.java:278)
	at com.cedarsoftware.util.io.JsonReader.readObject(JsonReader.java:521)
	... 159 more
2016-01-06 12:23:26,282 ERROR [main] - System.err - [org.eclipse.debug.core] error can't determine modifiers of missing type org.eclipse.pde.internal.ui.wizards.imports.PluginImportHelper
when weaving type org.eclipse.debug.core.ILaunchListener
when weaving classes 
when weaving 
 [Xlint:cantFindType]
2016-01-06 12:23:26,892 ERROR [main] - System.err - [org.eclipse.jdt.junit] error can't determine modifiers of missing type org.eclipse.pde.internal.ui.wizards.imports.PluginImportHelper
when weaving type org.eclipse.jdt.internal.junit.ui.TestRunnerViewPart
when weaving classes 
when weaving 
 [Xlint:cantFindType]
2016-01-06 12:24:04,493 ERROR [main] - System.err - [org.eclipse.jdt.launching] error can't determine modifiers of missing type org.eclipse.pde.internal.ui.wizards.imports.PluginImportHelper
when weaving type org.eclipse.jdt.launching.JavaRuntime
when weaving classes 
when weaving 
 [Xlint:cantFindType]
2016-01-06 12:25:01,661 ERROR [main] - System.err - [org.eclipse.jdt.debug] error can't determine modifiers of missing type org.eclipse.pde.internal.ui.wizards.imports.PluginImportHelper
when weaving type org.eclipse.jdt.debug.core.IJavaLineBreakpoint
when weaving classes 
when weaving 
 [Xlint:cantFindType]
2016-01-06 12:28:39,282 ERROR [main] - System.err - [org.eclipse.jdt.debug.ui] error can't determine modifiers of missing type org.eclipse.pde.internal.ui.wizards.imports.PluginImportHelper
when weaving type org.eclipse.jdt.internal.debug.ui.jres.JREsPreferencePage
when weaving classes 
when weaving 
 [Xlint:cantFindType]
2016-01-06 12:49:54,102  WARN [ModalContext] - ScalaProject - Project BT-Library-Scala has platform default sourceLevel.
2016-01-06 12:49:54,104  WARN [ModalContext] - ScalaProject - Project BT-Library-Scala runs on platform default installation.
2016-01-06 12:49:54,733  WARN [Worker-21] - ScalaProject - Project BT-Library-Scala has platform default sourceLevel.
2016-01-06 12:49:54,734  WARN [Worker-21] - ScalaProject - Project BT-Library-Scala runs on platform default installation.
2016-01-06 12:53:16,151  WARN [Worker-22] - ScalaProject - Project BT-Library-Scala has platform default sourceLevel.
2016-01-06 12:53:16,153  WARN [Worker-22] - ScalaProject - Project BT-Library-Scala runs on platform default installation.
2016-01-06 12:53:22,906  WARN [Worker-21] - ScalaProject - Project BT-Library-Scala has platform default sourceLevel.
2016-01-06 12:53:22,906  WARN [Worker-21] - ScalaProject - Project BT-Library-Scala runs on platform default installation.
2016-01-06 12:53:30,115  WARN [Worker-16] - ScalaProject - Project BT-Library-Scala has platform default sourceLevel.
2016-01-06 12:53:30,116  WARN [Worker-16] - ScalaProject - Project BT-Library-Scala runs on platform default installation.
2016-01-06 12:54:04,413  WARN [Worker-21] - ScalaProject - Project BT-Library-Scala has platform default sourceLevel.
2016-01-06 12:54:04,413  WARN [Worker-21] - ScalaProject - Project BT-Library-Scala runs on platform default installation.
2016-01-06 12:54:12,800  WARN [Worker-22] - ScalaProject - Project BT-Library-Scala has platform default sourceLevel.
2016-01-06 12:54:12,800  WARN [Worker-22] - ScalaProject - Project BT-Library-Scala runs on platform default installation.
2016-01-06 12:54:21,029  WARN [Worker-20] - ScalaProject - Project BT-Library-Scala has platform default sourceLevel.
2016-01-06 12:54:21,029  WARN [Worker-20] - ScalaProject - Project BT-Library-Scala runs on platform default installation.
2016-01-06 12:54:27,378  WARN [Worker-16] - ScalaProject - Project BT-Library-Scala has platform default sourceLevel.
2016-01-06 12:54:27,378  WARN [Worker-16] - ScalaProject - Project BT-Library-Scala runs on platform default installation.
2016-01-06 12:54:49,805  WARN [main] - ScalaProject - Project BT-Library-Scala has platform default sourceLevel.
2016-01-06 12:54:49,806  WARN [main] - ScalaProject - Project BT-Library-Scala runs on platform default installation.
2016-01-06 12:54:54,198  WARN [main] - ScalaProject - Project BT-Library-Scala has platform default sourceLevel.
2016-01-06 12:54:54,198  WARN [main] - ScalaProject - Project BT-Library-Scala runs on platform default installation.
2016-01-06 12:54:54,470  WARN [Worker-21] - ScalaProject - Project BT-Library-Scala has platform default sourceLevel.
2016-01-06 12:54:54,471  WARN [Worker-21] - ScalaProject - Project BT-Library-Scala runs on platform default installation.
2016-01-06 12:58:18,295  WARN [Worker-24] - ScalaProject - Project BT-Library-Scala has platform default sourceLevel.
2016-01-06 12:58:18,296  WARN [Worker-24] - ScalaProject - Project BT-Library-Scala runs on platform default installation.
2016-01-06 12:58:32,923  WARN [main] - ScalaProject - Project BT-Library-Scala has platform default sourceLevel.
2016-01-06 12:58:32,923  WARN [main] - ScalaProject - Project BT-Library-Scala runs on platform default installation.
2016-01-06 12:58:33,309  WARN [Worker-16] - ScalaProject - Project BT-Library-Scala has platform default sourceLevel.
2016-01-06 12:58:33,309  WARN [Worker-16] - ScalaProject - Project BT-Library-Scala runs on platform default installation.
2016-01-06 12:58:53,533  WARN [Worker-20] - ScalaProject - Project BT-Library-Scala has platform default sourceLevel.
2016-01-06 12:58:53,534  WARN [Worker-20] - ScalaProject - Project BT-Library-Scala runs on platform default installation.
2016-01-06 12:59:21,786  WARN [Worker-26] - ScalaProject - Project BT-Library-Scala has platform default sourceLevel.
2016-01-06 12:59:21,786  WARN [Worker-26] - ScalaProject - Project BT-Library-Scala runs on platform default installation.
2016-01-06 12:59:54,976  WARN [main] - ScalaProject - Project BT-Library-Scala has platform default sourceLevel.
2016-01-06 12:59:54,977  WARN [main] - ScalaProject - Project BT-Library-Scala runs on platform default installation.
2016-01-06 12:59:55,246  WARN [Worker-25] - ScalaProject - Project BT-Library-Scala has platform default sourceLevel.
2016-01-06 12:59:55,246  WARN [Worker-25] - ScalaProject - Project BT-Library-Scala runs on platform default installation.
2016-01-06 13:00:50,958  WARN [Worker-22] - ScalaProject - Project BT-Library-Scala has platform default sourceLevel.
2016-01-06 13:00:50,959  WARN [Worker-22] - ScalaProject - Project BT-Library-Scala runs on platform default installation.
2016-01-06 13:02:20,494  WARN [Worker-27] - ScalaProject - Project BT-Library-Scala has platform default sourceLevel.
2016-01-06 13:02:20,494  WARN [Worker-27] - ScalaProject - Project BT-Library-Scala runs on platform default installation.
2016-01-06 13:02:25,588  WARN [Worker-22] - ScalaProject - Project BT-Library-Scala has platform default sourceLevel.
2016-01-06 13:02:25,588  WARN [Worker-22] - ScalaProject - Project BT-Library-Scala runs on platform default installation.
2016-01-06 13:02:33,130  WARN [Worker-21] - ScalaProject - Project BT-Library-Scala has platform default sourceLevel.
2016-01-06 13:02:33,131  WARN [Worker-21] - ScalaProject - Project BT-Library-Scala runs on platform default installation.
2016-01-06 13:02:37,586  WARN [Worker-20] - ScalaProject - Project BT-Library-Scala has platform default sourceLevel.
2016-01-06 13:02:37,587  WARN [Worker-20] - ScalaProject - Project BT-Library-Scala runs on platform default installation.
2016-01-06 13:02:39,184 ERROR [Text Viewer Hover Presenter] - IScalaPresentationCompiler$ - Ignoring InterruptException
2016-01-06 13:02:39,184 ERROR [Text Viewer Hover Presenter] - IScalaPresentationCompiler$ - Ignoring InterruptException
2016-01-06 13:02:39,184 ERROR [Text Viewer Hover Presenter] - IScalaPresentationCompiler$ - Ignoring InterruptException
2016-01-06 13:02:39,263  WARN [Worker-22] - ScalaProject - Project BT-Library-Scala has platform default sourceLevel.
2016-01-06 13:02:39,263  WARN [Worker-22] - ScalaProject - Project BT-Library-Scala runs on platform default installation.
2016-01-06 13:03:38,557  WARN [Worker-21] - ScalaProject - Project BT-Library-Scala has platform default sourceLevel.
2016-01-06 13:03:38,558  WARN [Worker-21] - ScalaProject - Project BT-Library-Scala runs on platform default installation.
2016-01-06 13:04:25,161  WARN [Worker-28] - ScalaProject - Project BT-Library-Scala has platform default sourceLevel.
2016-01-06 13:04:25,161  WARN [Worker-28] - ScalaProject - Project BT-Library-Scala runs on platform default installation.
2016-01-06 13:10:19,339  WARN [Worker-27] - ScalaProject - Project BT-Library-Scala has platform default sourceLevel.
2016-01-06 13:10:19,339  WARN [Worker-27] - ScalaProject - Project BT-Library-Scala runs on platform default installation.
2016-01-06 13:10:33,274  WARN [Worker-22] - ScalaProject - Project BT-Library-Scala has platform default sourceLevel.
2016-01-06 13:10:33,274  WARN [Worker-22] - ScalaProject - Project BT-Library-Scala runs on platform default installation.
